[0.206s] DEBUG:colcon:Command line arguments: ['/usr/bin/colcon', 'build']
[0.207s] DEBUG:colcon:Parsed command line arguments: Namespace(ament_cmake_args=None, base_paths=['.'], build_base='build', catkin_cmake_args=None, catkin_skip_building_tests=False, cmake_args=None, cmake_clean_cache=False, cmake_clean_first=False, cmake_force_configure=False, cmake_target=None, cmake_target_skip_unavailable=False, continue_on_error=False, event_handlers=None, executor='parallel', ignore_user_meta=False, install_base='install', log_base=None, log_level=None, main=<bound method BuildVerb.main of <colcon_core.verb.build.BuildVerb object at 0x7f020b5f6908>>, merge_install=False, metas=['./colcon.meta'], packages_above=None, packages_above_and_dependencies=None, packages_above_depth=None, packages_end=None, packages_ignore=None, packages_ignore_regex=None, packages_select=None, packages_select_build_failed=False, packages_select_by_dep=None, packages_select_regex=None, packages_select_test_failures=False, packages_skip=None, packages_skip_build_finished=False, packages_skip_by_dep=None, packages_skip_regex=None, packages_skip_test_passed=False, packages_skip_up_to=None, packages_start=None, packages_up_to=None, packages_up_to_regex=None, parallel_workers=24, paths=None, symlink_install=False, test_result_base=None, verb_extension=<colcon_core.verb.build.BuildVerb object at 0x7f020b5f6908>, verb_name='build', verb_parser=<colcon_defaults.argument_parser.defaults.DefaultArgumentsDecorator object at 0x7f020b5f6c50>)
[0.213s] Level 1:colcon.colcon_core.package_discovery:discover_packages(colcon_meta) check parameters
[0.213s] Level 1:colcon.colcon_core.package_discovery:discover_packages(recursive) check parameters
[0.214s] Level 1:colcon.colcon_core.package_discovery:discover_packages(ignore) check parameters
[0.214s] Level 1:colcon.colcon_core.package_discovery:discover_packages(path) check parameters
[0.214s] Level 1:colcon.colcon_core.package_discovery:discover_packages(colcon_meta) discover
[0.214s] Level 1:colcon.colcon_core.package_discovery:discover_packages(recursive) discover
[0.214s] INFO:colcon.colcon_core.package_discovery:Crawling recursively for packages in '/media/suisei/Data/data/projects/shipcon2/ros'
[0.214s] Level 1:colcon.colcon_core.package_identification:_identify(.) by extensions ['ignore', 'ignore_ament_install']
[0.215s] Level 1:colcon.colcon_core.package_identification:_identify(.) by extension 'ignore'
[0.215s] Level 1:colcon.colcon_core.package_identification:_identify(.) by extension 'ignore_ament_install'
[0.215s] Level 1:colcon.colcon_core.package_identification:_identify(.) by extensions ['colcon_pkg']
[0.215s] Level 1:colcon.colcon_core.package_identification:_identify(.) by extension 'colcon_pkg'
[0.215s] Level 1:colcon.colcon_core.package_identification:_identify(.) by extensions ['colcon_meta']
[0.215s] Level 1:colcon.colcon_core.package_identification:_identify(.) by extension 'colcon_meta'
[0.215s] Level 1:colcon.colcon_core.package_identification:_identify(.) by extensions ['ros']
[0.216s] Level 1:colcon.colcon_core.package_identification:_identify(.) by extension 'ros'
[0.229s] Level 1:colcon.colcon_core.package_identification:_identify(.) by extensions ['cmake', 'python']
[0.229s] Level 1:colcon.colcon_core.package_identification:_identify(.) by extension 'cmake'
[0.229s] Level 1:colcon.colcon_core.package_identification:_identify(.) by extension 'python'
[0.229s] Level 1:colcon.colcon_core.package_identification:_identify(.) by extensions ['python_setup_py']
[0.229s] Level 1:colcon.colcon_core.package_identification:_identify(.) by extension 'python_setup_py'
[0.230s] Level 1:colcon.colcon_core.package_identification:_identify(build) by extensions ['ignore', 'ignore_ament_install']
[0.230s] Level 1:colcon.colcon_core.package_identification:_identify(build) by extension 'ignore'
[0.230s] Level 1:colcon.colcon_core.package_identification:_identify(build) ignored
[0.230s] Level 1:colcon.colcon_core.package_identification:_identify(install) by extensions ['ignore', 'ignore_ament_install']
[0.231s] Level 1:colcon.colcon_core.package_identification:_identify(install) by extension 'ignore'
[0.231s] Level 1:colcon.colcon_core.package_identification:_identify(install) ignored
[0.231s] Level 1:colcon.colcon_core.package_identification:_identify(log) by extensions ['ignore', 'ignore_ament_install']
[0.231s] Level 1:colcon.colcon_core.package_identification:_identify(log) by extension 'ignore'
[0.231s] Level 1:colcon.colcon_core.package_identification:_identify(log) ignored
[0.232s] Level 1:colcon.colcon_core.package_identification:_identify(src) by extensions ['ignore', 'ignore_ament_install']
[0.232s] Level 1:colcon.colcon_core.package_identification:_identify(src) by extension 'ignore'
[0.232s] Level 1:colcon.colcon_core.package_identification:_identify(src) by extension 'ignore_ament_install'
[0.232s] Level 1:colcon.colcon_core.package_identification:_identify(src) by extensions ['colcon_pkg']
[0.232s] Level 1:colcon.colcon_core.package_identification:_identify(src) by extension 'colcon_pkg'
[0.232s] Level 1:colcon.colcon_core.package_identification:_identify(src) by extensions ['colcon_meta']
[0.233s] Level 1:colcon.colcon_core.package_identification:_identify(src) by extension 'colcon_meta'
[0.233s] Level 1:colcon.colcon_core.package_identification:_identify(src) by extensions ['ros']
[0.233s] Level 1:colcon.colcon_core.package_identification:_identify(src) by extension 'ros'
[0.233s] Level 1:colcon.colcon_core.package_identification:_identify(src) by extensions ['cmake', 'python']
[0.233s] Level 1:colcon.colcon_core.package_identification:_identify(src) by extension 'cmake'
[0.233s] Level 1:colcon.colcon_core.package_identification:_identify(src) by extension 'python'
[0.233s] Level 1:colcon.colcon_core.package_identification:_identify(src) by extensions ['python_setup_py']
[0.234s] Level 1:colcon.colcon_core.package_identification:_identify(src) by extension 'python_setup_py'
[0.234s] Level 1:colcon.colcon_core.package_identification:_identify(src/build) by extensions ['ignore', 'ignore_ament_install']
[0.234s] Level 1:colcon.colcon_core.package_identification:_identify(src/build) by extension 'ignore'
[0.234s] Level 1:colcon.colcon_core.package_identification:_identify(src/build) ignored
[0.235s] Level 1:colcon.colcon_core.package_identification:_identify(src/install) by extensions ['ignore', 'ignore_ament_install']
[0.235s] Level 1:colcon.colcon_core.package_identification:_identify(src/install) by extension 'ignore'
[0.235s] Level 1:colcon.colcon_core.package_identification:_identify(src/install) ignored
[0.235s] Level 1:colcon.colcon_core.package_identification:_identify(src/log) by extensions ['ignore', 'ignore_ament_install']
[0.236s] Level 1:colcon.colcon_core.package_identification:_identify(src/log) by extension 'ignore'
[0.236s] Level 1:colcon.colcon_core.package_identification:_identify(src/log) ignored
[0.236s] Level 1:colcon.colcon_core.package_identification:_identify(src/shipcon2-ros) by extensions ['ignore', 'ignore_ament_install']
[0.236s] Level 1:colcon.colcon_core.package_identification:_identify(src/shipcon2-ros) by extension 'ignore'
[0.236s] Level 1:colcon.colcon_core.package_identification:_identify(src/shipcon2-ros) by extension 'ignore_ament_install'
[0.237s] Level 1:colcon.colcon_core.package_identification:_identify(src/shipcon2-ros) by extensions ['colcon_pkg']
[0.237s] Level 1:colcon.colcon_core.package_identification:_identify(src/shipcon2-ros) by extension 'colcon_pkg'
[0.237s] Level 1:colcon.colcon_core.package_identification:_identify(src/shipcon2-ros) by extensions ['colcon_meta']
[0.237s] Level 1:colcon.colcon_core.package_identification:_identify(src/shipcon2-ros) by extension 'colcon_meta'
[0.237s] Level 1:colcon.colcon_core.package_identification:_identify(src/shipcon2-ros) by extensions ['ros']
[0.237s] Level 1:colcon.colcon_core.package_identification:_identify(src/shipcon2-ros) by extension 'ros'
[0.240s] DEBUG:colcon.colcon_core.package_identification:Package 'src/shipcon2-ros' with type 'ros.ament_cmake' and name 'shipcon2-ros'
[0.240s] Level 1:colcon.colcon_core.package_discovery:discover_packages(recursive) using defaults
[0.240s] Level 1:colcon.colcon_core.package_discovery:discover_packages(ignore) discover
[0.240s] Level 1:colcon.colcon_core.package_discovery:discover_packages(ignore) using defaults
[0.241s] Level 1:colcon.colcon_core.package_discovery:discover_packages(path) discover
[0.241s] Level 1:colcon.colcon_core.package_discovery:discover_packages(path) using defaults
[0.265s] Level 5:colcon.colcon_core.verb:set package 'shipcon2-ros' build argument 'cmake_args' from command line to 'None'
[0.265s] Level 5:colcon.colcon_core.verb:set package 'shipcon2-ros' build argument 'cmake_target' from command line to 'None'
[0.265s] Level 5:colcon.colcon_core.verb:set package 'shipcon2-ros' build argument 'cmake_target_skip_unavailable' from command line to 'False'
[0.265s] Level 5:colcon.colcon_core.verb:set package 'shipcon2-ros' build argument 'cmake_clean_cache' from command line to 'False'
[0.265s] Level 5:colcon.colcon_core.verb:set package 'shipcon2-ros' build argument 'cmake_clean_first' from command line to 'False'
[0.266s] Level 5:colcon.colcon_core.verb:set package 'shipcon2-ros' build argument 'cmake_force_configure' from command line to 'False'
[0.266s] Level 5:colcon.colcon_core.verb:set package 'shipcon2-ros' build argument 'ament_cmake_args' from command line to 'None'
[0.266s] Level 5:colcon.colcon_core.verb:set package 'shipcon2-ros' build argument 'catkin_cmake_args' from command line to 'None'
[0.266s] Level 5:colcon.colcon_core.verb:set package 'shipcon2-ros' build argument 'catkin_skip_building_tests' from command line to 'False'
[0.266s] DEBUG:colcon.colcon_core.verb:Building package 'shipcon2-ros' with the following arguments: {'ament_cmake_args': None, 'build_base': '/media/suisei/Data/data/projects/shipcon2/ros/build/shipcon2-ros', 'catkin_cmake_args': None, 'catkin_skip_building_tests': False, 'cmake_args': None, 'cmake_clean_cache': False, 'cmake_clean_first': False, 'cmake_force_configure': False, 'cmake_target': None, 'cmake_target_skip_unavailable': False, 'install_base': '/media/suisei/Data/data/projects/shipcon2/ros/install/shipcon2-ros', 'merge_install': False, 'path': '/media/suisei/Data/data/projects/shipcon2/ros/src/shipcon2-ros', 'symlink_install': False, 'test_result_base': None}
[0.266s] INFO:colcon.colcon_core.executor:Executing jobs using 'parallel' executor
[0.269s] DEBUG:colcon.colcon_parallel_executor.executor.parallel:run_until_complete
[0.269s] INFO:colcon.colcon_ros.task.ament_cmake.build:Building ROS package in '/media/suisei/Data/data/projects/shipcon2/ros/src/shipcon2-ros' with build type 'ament_cmake'
[0.269s] INFO:colcon.colcon_cmake.task.cmake.build:Building CMake package in '/media/suisei/Data/data/projects/shipcon2/ros/src/shipcon2-ros'
[0.274s] INFO:colcon.colcon_core.plugin_system:Skipping extension 'colcon_core.shell.bat': Not used on non-Windows systems
[0.274s] INFO:colcon.colcon_core.shell:Skip shell extension 'powershell' for command environment: Not usable outside of PowerShell
[0.274s] DEBUG:colcon.colcon_core.shell:Skip shell extension 'dsv' for command environment
[0.278s] DEBUG:colcon.colcon_core.shell:Ignoring prefix path '/opt/ros/eloquent'
[0.292s] DEBUG:colcon.colcon_core.event_handler.log_command:Invoking command in '/media/suisei/Data/data/projects/shipcon2/ros/build/shipcon2-ros': CMAKE_PREFIX_PATH=/opt/ros/eloquent /usr/bin/cmake /media/suisei/Data/data/projects/shipcon2/ros/src/shipcon2-ros -DCMAKE_INSTALL_PREFIX=/media/suisei/Data/data/projects/shipcon2/ros/install/shipcon2-ros
[3.256s] DEBUG:colcon.colcon_core.event_handler.log_command:Invoked command in '/media/suisei/Data/data/projects/shipcon2/ros/build/shipcon2-ros' returned '0': CMAKE_PREFIX_PATH=/opt/ros/eloquent /usr/bin/cmake /media/suisei/Data/data/projects/shipcon2/ros/src/shipcon2-ros -DCMAKE_INSTALL_PREFIX=/media/suisei/Data/data/projects/shipcon2/ros/install/shipcon2-ros
[3.262s] DEBUG:colcon.colcon_core.event_handler.log_command:Invoking command in '/media/suisei/Data/data/projects/shipcon2/ros/build/shipcon2-ros': CMAKE_PREFIX_PATH=/opt/ros/eloquent /usr/bin/cmake --build /media/suisei/Data/data/projects/shipcon2/ros/build/shipcon2-ros -- -j24 -l24
[6.263s] DEBUG:colcon.colcon_core.event_handler.log_command:Invoked command in '/media/suisei/Data/data/projects/shipcon2/ros/build/shipcon2-ros' returned '0': CMAKE_PREFIX_PATH=/opt/ros/eloquent /usr/bin/cmake --build /media/suisei/Data/data/projects/shipcon2/ros/build/shipcon2-ros -- -j24 -l24
[6.328s] DEBUG:colcon.colcon_core.event_handler.log_command:Invoking command in '/media/suisei/Data/data/projects/shipcon2/ros/build/shipcon2-ros': CMAKE_PREFIX_PATH=/opt/ros/eloquent /usr/bin/cmake --build /media/suisei/Data/data/projects/shipcon2/ros/build/shipcon2-ros --target install -- -j24 -l24
[6.500s] Level 1:colcon.colcon_core.environment:create_environment_scripts_only(shipcon2-ros)
[6.501s] DEBUG:colcon.colcon_core.event_handler.log_command:Invoked command in '/media/suisei/Data/data/projects/shipcon2/ros/build/shipcon2-ros' returned '0': CMAKE_PREFIX_PATH=/opt/ros/eloquent /usr/bin/cmake --build /media/suisei/Data/data/projects/shipcon2/ros/build/shipcon2-ros --target install -- -j24 -l24
[6.506s] Level 1:colcon.colcon_core.environment:checking '/media/suisei/Data/data/projects/shipcon2/ros/install/shipcon2-ros' for CMake module files
[6.507s] Level 1:colcon.colcon_core.environment:checking '/media/suisei/Data/data/projects/shipcon2/ros/install/shipcon2-ros' for CMake config files
[6.509s] Level 1:colcon.colcon_core.shell:create_environment_hook('shipcon2-ros', 'cmake_prefix_path')
[6.509s] INFO:colcon.colcon_core.shell:Creating environment hook '/media/suisei/Data/data/projects/shipcon2/ros/install/shipcon2-ros/share/shipcon2-ros/hook/cmake_prefix_path.ps1'
[6.510s] INFO:colcon.colcon_core.shell:Creating environment descriptor '/media/suisei/Data/data/projects/shipcon2/ros/install/shipcon2-ros/share/shipcon2-ros/hook/cmake_prefix_path.dsv'
[6.511s] INFO:colcon.colcon_core.shell:Creating environment hook '/media/suisei/Data/data/projects/shipcon2/ros/install/shipcon2-ros/share/shipcon2-ros/hook/cmake_prefix_path.sh'
[6.513s] Level 1:colcon.colcon_core.environment:checking '/media/suisei/Data/data/projects/shipcon2/ros/install/shipcon2-ros/lib'
[6.514s] Level 1:colcon.colcon_core.environment:checking '/media/suisei/Data/data/projects/shipcon2/ros/install/shipcon2-ros/bin'
[6.514s] Level 1:colcon.colcon_core.environment:checking '/media/suisei/Data/data/projects/shipcon2/ros/install/shipcon2-ros/lib/pkgconfig/shipcon2-ros.pc'
[6.514s] Level 1:colcon.colcon_core.environment:checking '/media/suisei/Data/data/projects/shipcon2/ros/install/shipcon2-ros/lib/python3.6/site-packages'
[6.515s] INFO:colcon.colcon_core.shell:Creating package script '/media/suisei/Data/data/projects/shipcon2/ros/install/shipcon2-ros/share/shipcon2-ros/package.ps1'
[6.516s] INFO:colcon.colcon_core.shell:Creating package descriptor '/media/suisei/Data/data/projects/shipcon2/ros/install/shipcon2-ros/share/shipcon2-ros/package.dsv'
[6.517s] INFO:colcon.colcon_core.shell:Creating package script '/media/suisei/Data/data/projects/shipcon2/ros/install/shipcon2-ros/share/shipcon2-ros/package.sh'
[6.518s] INFO:colcon.colcon_core.shell:Creating package script '/media/suisei/Data/data/projects/shipcon2/ros/install/shipcon2-ros/share/shipcon2-ros/package.bash'
[6.520s] INFO:colcon.colcon_core.shell:Creating package script '/media/suisei/Data/data/projects/shipcon2/ros/install/shipcon2-ros/share/shipcon2-ros/package.zsh'
[6.521s] Level 1:colcon.colcon_core.environment:create_file_with_runtime_dependencies(/media/suisei/Data/data/projects/shipcon2/ros/install/shipcon2-ros/share/colcon-core/packages/shipcon2-ros)
[6.569s] Level 1:colcon.colcon_core.environment:create_environment_scripts_only(shipcon2-ros)
[6.573s] Level 1:colcon.colcon_core.environment:checking '/media/suisei/Data/data/projects/shipcon2/ros/install/shipcon2-ros' for CMake module files
[6.575s] Level 1:colcon.colcon_core.environment:checking '/media/suisei/Data/data/projects/shipcon2/ros/install/shipcon2-ros' for CMake config files
[6.576s] Level 1:colcon.colcon_core.shell:create_environment_hook('shipcon2-ros', 'cmake_prefix_path')
[6.577s] INFO:colcon.colcon_core.shell:Creating environment hook '/media/suisei/Data/data/projects/shipcon2/ros/install/shipcon2-ros/share/shipcon2-ros/hook/cmake_prefix_path.ps1'
[6.578s] INFO:colcon.colcon_core.shell:Creating environment descriptor '/media/suisei/Data/data/projects/shipcon2/ros/install/shipcon2-ros/share/shipcon2-ros/hook/cmake_prefix_path.dsv'
[6.579s] INFO:colcon.colcon_core.shell:Creating environment hook '/media/suisei/Data/data/projects/shipcon2/ros/install/shipcon2-ros/share/shipcon2-ros/hook/cmake_prefix_path.sh'
[6.580s] Level 1:colcon.colcon_core.environment:checking '/media/suisei/Data/data/projects/shipcon2/ros/install/shipcon2-ros/lib'
[6.580s] Level 1:colcon.colcon_core.environment:checking '/media/suisei/Data/data/projects/shipcon2/ros/install/shipcon2-ros/bin'
[6.581s] Level 1:colcon.colcon_core.environment:checking '/media/suisei/Data/data/projects/shipcon2/ros/install/shipcon2-ros/lib/pkgconfig/shipcon2-ros.pc'
[6.581s] Level 1:colcon.colcon_core.environment:checking '/media/suisei/Data/data/projects/shipcon2/ros/install/shipcon2-ros/lib/python3.6/site-packages'
[6.582s] INFO:colcon.colcon_core.shell:Creating package script '/media/suisei/Data/data/projects/shipcon2/ros/install/shipcon2-ros/share/shipcon2-ros/package.ps1'
[6.582s] INFO:colcon.colcon_core.shell:Creating package descriptor '/media/suisei/Data/data/projects/shipcon2/ros/install/shipcon2-ros/share/shipcon2-ros/package.dsv'
[6.583s] INFO:colcon.colcon_core.shell:Creating package script '/media/suisei/Data/data/projects/shipcon2/ros/install/shipcon2-ros/share/shipcon2-ros/package.sh'
[6.584s] INFO:colcon.colcon_core.shell:Creating package script '/media/suisei/Data/data/projects/shipcon2/ros/install/shipcon2-ros/share/shipcon2-ros/package.bash'
[6.585s] INFO:colcon.colcon_core.shell:Creating package script '/media/suisei/Data/data/projects/shipcon2/ros/install/shipcon2-ros/share/shipcon2-ros/package.zsh'
[6.586s] Level 1:colcon.colcon_core.environment:create_file_with_runtime_dependencies(/media/suisei/Data/data/projects/shipcon2/ros/install/shipcon2-ros/share/colcon-core/packages/shipcon2-ros)
[6.586s] DEBUG:colcon.colcon_parallel_executor.executor.parallel:closing loop
[6.587s] DEBUG:colcon.colcon_parallel_executor.executor.parallel:loop closed
[6.588s] DEBUG:colcon.colcon_parallel_executor.executor.parallel:run_until_complete finished with '0'
[6.588s] DEBUG:colcon.colcon_core.event_reactor:joining thread
[6.607s] INFO:colcon.colcon_core.plugin_system:Skipping extension 'colcon_notification.desktop_notification.terminal_notifier': Not used on non-Darwin systems
[6.608s] INFO:colcon.colcon_core.plugin_system:Skipping extension 'colcon_notification.desktop_notification.win32': Not used on non-Windows systems
[6.608s] INFO:colcon.colcon_notification.desktop_notification:Sending desktop notification using 'notify2'
[6.615s] DEBUG:colcon.colcon_core.event_reactor:joined thread
[6.616s] INFO:colcon.colcon_core.shell:Creating prefix script '/media/suisei/Data/data/projects/shipcon2/ros/install/local_setup.ps1'
[6.618s] INFO:colcon.colcon_core.shell:Creating prefix util module '/media/suisei/Data/data/projects/shipcon2/ros/install/_local_setup_util_ps1.py'
[6.622s] INFO:colcon.colcon_core.shell:Creating prefix chain script '/media/suisei/Data/data/projects/shipcon2/ros/install/setup.ps1'
[6.625s] INFO:colcon.colcon_core.shell:Creating prefix script '/media/suisei/Data/data/projects/shipcon2/ros/install/local_setup.sh'
[6.626s] INFO:colcon.colcon_core.shell:Creating prefix util module '/media/suisei/Data/data/projects/shipcon2/ros/install/_local_setup_util_sh.py'
[6.627s] INFO:colcon.colcon_core.shell:Creating prefix chain script '/media/suisei/Data/data/projects/shipcon2/ros/install/setup.sh'
[6.631s] INFO:colcon.colcon_core.shell:Creating prefix script '/media/suisei/Data/data/projects/shipcon2/ros/install/local_setup.bash'
[6.632s] INFO:colcon.colcon_core.shell:Creating prefix chain script '/media/suisei/Data/data/projects/shipcon2/ros/install/setup.bash'
[6.635s] INFO:colcon.colcon_core.shell:Creating prefix script '/media/suisei/Data/data/projects/shipcon2/ros/install/local_setup.zsh'
[6.636s] INFO:colcon.colcon_core.shell:Creating prefix chain script '/media/suisei/Data/data/projects/shipcon2/ros/install/setup.zsh'
