[0.020s] Invoking command in '/media/suisei/Data/data/projects/shipcon2/ros/src/build/shipcon2-ros': CMAKE_PREFIX_PATH=/opt/ros/eloquent /usr/bin/cmake /media/suisei/Data/data/projects/shipcon2/ros/src/shipcon2-ros -DCMAKE_INSTALL_PREFIX=/media/suisei/Data/data/projects/shipcon2/ros/src/install/shipcon2-ros
[0.042s] -- Found ament_cmake: 0.8.2 (/opt/ros/eloquent/share/ament_cmake/cmake)
[0.080s] -- Using PYTHON_EXECUTABLE: /usr/bin/python3
[0.315s] -- Found rclcpp: 0.8.4 (/opt/ros/eloquent/share/rclcpp/cmake)
[0.335s] -- Found rosidl_adapter: 0.8.2 (/opt/ros/eloquent/share/rosidl_adapter/cmake)
[0.382s] -- Found rmw_implementation_cmake: 0.8.1 (/opt/ros/eloquent/share/rmw_implementation_cmake/cmake)
[0.384s] -- Using RMW implementation 'rmw_fastrtps_cpp' as default
[0.387s] -- Looking for pthread.h
[0.518s] -- Looking for pthread.h - found
[0.520s] -- Looking for pthread_create
[0.650s] -- Looking for pthread_create - not found
[0.650s] -- Looking for pthread_create in pthreads
[0.753s] -- Looking for pthread_create in pthreads - not found
[0.754s] -- Looking for pthread_create in pthread
[0.944s] -- Looking for pthread_create in pthread - found
[0.947s] -- Found Threads: TRUE  
[0.998s] -- Found std_msgs: 0.8.1 (/opt/ros/eloquent/share/std_msgs/cmake)
[1.028s] -- Found ament_lint_auto: 0.8.1 (/opt/ros/eloquent/share/ament_lint_auto/cmake)
[1.155s] -- Added test 'copyright' to check for copyright in CMake / C / C++ / Python code
[1.166s] -- Added test 'cppcheck' to perform static code analysis on C / C++ code
[1.167s] -- Configured cppcheck include dirs: 
[1.176s] -- Added test 'cpplint' to check C / C++ code against the Google style
[1.181s] -- Added test 'lint_cmake' to check CMake code style
[1.192s] -- Added test 'uncrustify' to check C / C++ code style
[1.195s] -- Added test 'xmllint' to check XML markup files
[1.199s] -- Configuring done
[1.229s] -- Generating done
[1.234s] -- Build files have been written to: /media/suisei/Data/data/projects/shipcon2/ros/src/build/shipcon2-ros
[1.237s] Invoked command in '/media/suisei/Data/data/projects/shipcon2/ros/src/build/shipcon2-ros' returned '0': CMAKE_PREFIX_PATH=/opt/ros/eloquent /usr/bin/cmake /media/suisei/Data/data/projects/shipcon2/ros/src/shipcon2-ros -DCMAKE_INSTALL_PREFIX=/media/suisei/Data/data/projects/shipcon2/ros/src/install/shipcon2-ros
[1.243s] Invoking command in '/media/suisei/Data/data/projects/shipcon2/ros/src/build/shipcon2-ros': CMAKE_PREFIX_PATH=/opt/ros/eloquent /usr/bin/cmake --build /media/suisei/Data/data/projects/shipcon2/ros/src/build/shipcon2-ros -- -j24 -l24
[1.314s] [35m[1mScanning dependencies of target talker[0m
[1.501s] [ 50%] [32mBuilding CXX object CMakeFiles/talker.dir/src/test.cpp.o[0m
[4.011s] [100%] [32m[1mLinking CXX executable talker[0m
[4.258s] [100%] Built target talker
[4.280s] Invoked command in '/media/suisei/Data/data/projects/shipcon2/ros/src/build/shipcon2-ros' returned '0': CMAKE_PREFIX_PATH=/opt/ros/eloquent /usr/bin/cmake --build /media/suisei/Data/data/projects/shipcon2/ros/src/build/shipcon2-ros -- -j24 -l24
[4.349s] Invoking command in '/media/suisei/Data/data/projects/shipcon2/ros/src/build/shipcon2-ros': CMAKE_PREFIX_PATH=/opt/ros/eloquent /usr/bin/cmake --build /media/suisei/Data/data/projects/shipcon2/ros/src/build/shipcon2-ros --target install -- -j24 -l24
[4.447s] [100%] Built target talker
[4.477s] [36mInstall the project...[0m
[4.492s] -- Install configuration: ""
[4.493s] -- Installing: /media/suisei/Data/data/projects/shipcon2/ros/src/install/shipcon2-ros/lib/shipcon2-ros/talker
[4.504s] -- Set runtime path of "/media/suisei/Data/data/projects/shipcon2/ros/src/install/shipcon2-ros/lib/shipcon2-ros/talker" to ""
[4.504s] -- Installing: /media/suisei/Data/data/projects/shipcon2/ros/src/install/shipcon2-ros/share/ament_index/resource_index/package_run_dependencies/shipcon2-ros
[4.505s] -- Installing: /media/suisei/Data/data/projects/shipcon2/ros/src/install/shipcon2-ros/share/ament_index/resource_index/parent_prefix_path/shipcon2-ros
[4.506s] -- Installing: /media/suisei/Data/data/projects/shipcon2/ros/src/install/shipcon2-ros/share/shipcon2-ros/environment/ament_prefix_path.sh
[4.507s] -- Installing: /media/suisei/Data/data/projects/shipcon2/ros/src/install/shipcon2-ros/share/shipcon2-ros/environment/ament_prefix_path.dsv
[4.508s] -- Installing: /media/suisei/Data/data/projects/shipcon2/ros/src/install/shipcon2-ros/share/shipcon2-ros/environment/path.sh
[4.508s] -- Installing: /media/suisei/Data/data/projects/shipcon2/ros/src/install/shipcon2-ros/share/shipcon2-ros/environment/path.dsv
[4.509s] -- Installing: /media/suisei/Data/data/projects/shipcon2/ros/src/install/shipcon2-ros/share/shipcon2-ros/local_setup.bash
[4.510s] -- Installing: /media/suisei/Data/data/projects/shipcon2/ros/src/install/shipcon2-ros/share/shipcon2-ros/local_setup.sh
[4.511s] -- Installing: /media/suisei/Data/data/projects/shipcon2/ros/src/install/shipcon2-ros/share/shipcon2-ros/local_setup.zsh
[4.512s] -- Installing: /media/suisei/Data/data/projects/shipcon2/ros/src/install/shipcon2-ros/share/shipcon2-ros/local_setup.dsv
[4.512s] -- Installing: /media/suisei/Data/data/projects/shipcon2/ros/src/install/shipcon2-ros/share/shipcon2-ros/package.dsv
[4.513s] -- Installing: /media/suisei/Data/data/projects/shipcon2/ros/src/install/shipcon2-ros/share/ament_index/resource_index/packages/shipcon2-ros
[4.514s] -- Installing: /media/suisei/Data/data/projects/shipcon2/ros/src/install/shipcon2-ros/share/shipcon2-ros/cmake/shipcon2-rosConfig.cmake
[4.514s] -- Installing: /media/suisei/Data/data/projects/shipcon2/ros/src/install/shipcon2-ros/share/shipcon2-ros/cmake/shipcon2-rosConfig-version.cmake
[4.515s] -- Installing: /media/suisei/Data/data/projects/shipcon2/ros/src/install/shipcon2-ros/share/shipcon2-ros/package.xml
[4.521s] Invoked command in '/media/suisei/Data/data/projects/shipcon2/ros/src/build/shipcon2-ros' returned '0': CMAKE_PREFIX_PATH=/opt/ros/eloquent /usr/bin/cmake --build /media/suisei/Data/data/projects/shipcon2/ros/src/build/shipcon2-ros --target install -- -j24 -l24
