[0.203s] DEBUG:colcon:Command line arguments: ['/usr/bin/colcon', 'build']
[0.203s] DEBUG:colcon:Parsed command line arguments: Namespace(ament_cmake_args=None, base_paths=['.'], build_base='build', catkin_cmake_args=None, catkin_skip_building_tests=False, cmake_args=None, cmake_clean_cache=False, cmake_clean_first=False, cmake_force_configure=False, cmake_target=None, cmake_target_skip_unavailable=False, continue_on_error=False, event_handlers=None, executor='parallel', ignore_user_meta=False, install_base='install', log_base=None, log_level=None, main=<bound method BuildVerb.main of <colcon_core.verb.build.BuildVerb object at 0x7f118a0628d0>>, merge_install=False, metas=['./colcon.meta'], packages_above=None, packages_above_and_dependencies=None, packages_above_depth=None, packages_end=None, packages_ignore=None, packages_ignore_regex=None, packages_select=None, packages_select_build_failed=False, packages_select_by_dep=None, packages_select_regex=None, packages_select_test_failures=False, packages_skip=None, packages_skip_build_finished=False, packages_skip_by_dep=None, packages_skip_regex=None, packages_skip_test_passed=False, packages_skip_up_to=None, packages_start=None, packages_up_to=None, packages_up_to_regex=None, parallel_workers=24, paths=None, symlink_install=False, test_result_base=None, verb_extension=<colcon_core.verb.build.BuildVerb object at 0x7f118a0628d0>, verb_name='build', verb_parser=<colcon_defaults.argument_parser.defaults.DefaultArgumentsDecorator object at 0x7f118a062c18>)
[0.210s] Level 1:colcon.colcon_core.package_discovery:discover_packages(colcon_meta) check parameters
[0.211s] Level 1:colcon.colcon_core.package_discovery:discover_packages(recursive) check parameters
[0.211s] Level 1:colcon.colcon_core.package_discovery:discover_packages(ignore) check parameters
[0.211s] Level 1:colcon.colcon_core.package_discovery:discover_packages(path) check parameters
[0.211s] Level 1:colcon.colcon_core.package_discovery:discover_packages(colcon_meta) discover
[0.211s] Level 1:colcon.colcon_core.package_discovery:discover_packages(recursive) discover
[0.211s] INFO:colcon.colcon_core.package_discovery:Crawling recursively for packages in '/media/suisei/Data/data/projects/shipcon2/ros'
[0.212s] Level 1:colcon.colcon_core.package_identification:_identify(.) by extensions ['ignore', 'ignore_ament_install']
[0.212s] Level 1:colcon.colcon_core.package_identification:_identify(.) by extension 'ignore'
[0.212s] Level 1:colcon.colcon_core.package_identification:_identify(.) by extension 'ignore_ament_install'
[0.212s] Level 1:colcon.colcon_core.package_identification:_identify(.) by extensions ['colcon_pkg']
[0.212s] Level 1:colcon.colcon_core.package_identification:_identify(.) by extension 'colcon_pkg'
[0.212s] Level 1:colcon.colcon_core.package_identification:_identify(.) by extensions ['colcon_meta']
[0.212s] Level 1:colcon.colcon_core.package_identification:_identify(.) by extension 'colcon_meta'
[0.212s] Level 1:colcon.colcon_core.package_identification:_identify(.) by extensions ['ros']
[0.213s] Level 1:colcon.colcon_core.package_identification:_identify(.) by extension 'ros'
[0.225s] Level 1:colcon.colcon_core.package_identification:_identify(.) by extensions ['cmake', 'python']
[0.226s] Level 1:colcon.colcon_core.package_identification:_identify(.) by extension 'cmake'
[0.226s] Level 1:colcon.colcon_core.package_identification:_identify(.) by extension 'python'
[0.226s] Level 1:colcon.colcon_core.package_identification:_identify(.) by extensions ['python_setup_py']
[0.226s] Level 1:colcon.colcon_core.package_identification:_identify(.) by extension 'python_setup_py'
[0.226s] Level 1:colcon.colcon_core.package_identification:_identify(build) by extensions ['ignore', 'ignore_ament_install']
[0.227s] Level 1:colcon.colcon_core.package_identification:_identify(build) by extension 'ignore'
[0.227s] Level 1:colcon.colcon_core.package_identification:_identify(build) ignored
[0.227s] Level 1:colcon.colcon_core.package_identification:_identify(install) by extensions ['ignore', 'ignore_ament_install']
[0.227s] Level 1:colcon.colcon_core.package_identification:_identify(install) by extension 'ignore'
[0.228s] Level 1:colcon.colcon_core.package_identification:_identify(install) ignored
[0.228s] Level 1:colcon.colcon_core.package_identification:_identify(log) by extensions ['ignore', 'ignore_ament_install']
[0.228s] Level 1:colcon.colcon_core.package_identification:_identify(log) by extension 'ignore'
[0.228s] Level 1:colcon.colcon_core.package_identification:_identify(log) ignored
[0.229s] Level 1:colcon.colcon_core.package_identification:_identify(src) by extensions ['ignore', 'ignore_ament_install']
[0.229s] Level 1:colcon.colcon_core.package_identification:_identify(src) by extension 'ignore'
[0.229s] Level 1:colcon.colcon_core.package_identification:_identify(src) by extension 'ignore_ament_install'
[0.229s] Level 1:colcon.colcon_core.package_identification:_identify(src) by extensions ['colcon_pkg']
[0.229s] Level 1:colcon.colcon_core.package_identification:_identify(src) by extension 'colcon_pkg'
[0.229s] Level 1:colcon.colcon_core.package_identification:_identify(src) by extensions ['colcon_meta']
[0.229s] Level 1:colcon.colcon_core.package_identification:_identify(src) by extension 'colcon_meta'
[0.230s] Level 1:colcon.colcon_core.package_identification:_identify(src) by extensions ['ros']
[0.230s] Level 1:colcon.colcon_core.package_identification:_identify(src) by extension 'ros'
[0.230s] Level 1:colcon.colcon_core.package_identification:_identify(src) by extensions ['cmake', 'python']
[0.230s] Level 1:colcon.colcon_core.package_identification:_identify(src) by extension 'cmake'
[0.230s] Level 1:colcon.colcon_core.package_identification:_identify(src) by extension 'python'
[0.230s] Level 1:colcon.colcon_core.package_identification:_identify(src) by extensions ['python_setup_py']
[0.230s] Level 1:colcon.colcon_core.package_identification:_identify(src) by extension 'python_setup_py'
[0.231s] Level 1:colcon.colcon_core.package_identification:_identify(src/shipcon2-ros) by extensions ['ignore', 'ignore_ament_install']
[0.231s] Level 1:colcon.colcon_core.package_identification:_identify(src/shipcon2-ros) by extension 'ignore'
[0.231s] Level 1:colcon.colcon_core.package_identification:_identify(src/shipcon2-ros) by extension 'ignore_ament_install'
[0.231s] Level 1:colcon.colcon_core.package_identification:_identify(src/shipcon2-ros) by extensions ['colcon_pkg']
[0.231s] Level 1:colcon.colcon_core.package_identification:_identify(src/shipcon2-ros) by extension 'colcon_pkg'
[0.231s] Level 1:colcon.colcon_core.package_identification:_identify(src/shipcon2-ros) by extensions ['colcon_meta']
[0.232s] Level 1:colcon.colcon_core.package_identification:_identify(src/shipcon2-ros) by extension 'colcon_meta'
[0.232s] Level 1:colcon.colcon_core.package_identification:_identify(src/shipcon2-ros) by extensions ['ros']
[0.232s] Level 1:colcon.colcon_core.package_identification:_identify(src/shipcon2-ros) by extension 'ros'
[0.232s] Level 1:colcon.colcon_core.package_identification:_identify(src/shipcon2-ros) by extensions ['cmake', 'python']
[0.232s] Level 1:colcon.colcon_core.package_identification:_identify(src/shipcon2-ros) by extension 'cmake'
[0.232s] Level 1:colcon.colcon_core.package_identification:_identify(src/shipcon2-ros) by extension 'python'
[0.232s] Level 1:colcon.colcon_core.package_identification:_identify(src/shipcon2-ros) by extensions ['python_setup_py']
[0.233s] Level 1:colcon.colcon_core.package_identification:_identify(src/shipcon2-ros) by extension 'python_setup_py'
[0.233s] Level 1:colcon.colcon_core.package_identification:_identify(src/shipcon2-ros/model) by extensions ['ignore', 'ignore_ament_install']
[0.233s] Level 1:colcon.colcon_core.package_identification:_identify(src/shipcon2-ros/model) by extension 'ignore'
[0.233s] Level 1:colcon.colcon_core.package_identification:_identify(src/shipcon2-ros/model) by extension 'ignore_ament_install'
[0.233s] Level 1:colcon.colcon_core.package_identification:_identify(src/shipcon2-ros/model) by extensions ['colcon_pkg']
[0.233s] Level 1:colcon.colcon_core.package_identification:_identify(src/shipcon2-ros/model) by extension 'colcon_pkg'
[0.234s] Level 1:colcon.colcon_core.package_identification:_identify(src/shipcon2-ros/model) by extensions ['colcon_meta']
[0.234s] Level 1:colcon.colcon_core.package_identification:_identify(src/shipcon2-ros/model) by extension 'colcon_meta'
[0.234s] Level 1:colcon.colcon_core.package_identification:_identify(src/shipcon2-ros/model) by extensions ['ros']
[0.234s] Level 1:colcon.colcon_core.package_identification:_identify(src/shipcon2-ros/model) by extension 'ros'
[0.234s] Level 1:colcon.colcon_core.package_identification:_identify(src/shipcon2-ros/model) by extensions ['cmake', 'python']
[0.234s] Level 1:colcon.colcon_core.package_identification:_identify(src/shipcon2-ros/model) by extension 'cmake'
[0.235s] Level 1:colcon.colcon_core.package_identification:_identify(src/shipcon2-ros/model) by extension 'python'
[0.235s] Level 1:colcon.colcon_core.package_identification:_identify(src/shipcon2-ros/model) by extensions ['python_setup_py']
[0.235s] Level 1:colcon.colcon_core.package_identification:_identify(src/shipcon2-ros/model) by extension 'python_setup_py'
[0.235s] Level 1:colcon.colcon_core.package_identification:_identify(src/shipcon2-ros/model/esso_osaka) by extensions ['ignore', 'ignore_ament_install']
[0.235s] Level 1:colcon.colcon_core.package_identification:_identify(src/shipcon2-ros/model/esso_osaka) by extension 'ignore'
[0.235s] Level 1:colcon.colcon_core.package_identification:_identify(src/shipcon2-ros/model/esso_osaka) by extension 'ignore_ament_install'
[0.236s] Level 1:colcon.colcon_core.package_identification:_identify(src/shipcon2-ros/model/esso_osaka) by extensions ['colcon_pkg']
[0.236s] Level 1:colcon.colcon_core.package_identification:_identify(src/shipcon2-ros/model/esso_osaka) by extension 'colcon_pkg'
[0.236s] Level 1:colcon.colcon_core.package_identification:_identify(src/shipcon2-ros/model/esso_osaka) by extensions ['colcon_meta']
[0.236s] Level 1:colcon.colcon_core.package_identification:_identify(src/shipcon2-ros/model/esso_osaka) by extension 'colcon_meta'
[0.236s] Level 1:colcon.colcon_core.package_identification:_identify(src/shipcon2-ros/model/esso_osaka) by extensions ['ros']
[0.236s] Level 1:colcon.colcon_core.package_identification:_identify(src/shipcon2-ros/model/esso_osaka) by extension 'ros'
[0.237s] Level 1:colcon.colcon_core.package_identification:_identify(src/shipcon2-ros/model/esso_osaka) by extensions ['cmake', 'python']
[0.237s] Level 1:colcon.colcon_core.package_identification:_identify(src/shipcon2-ros/model/esso_osaka) by extension 'cmake'
[0.237s] Level 1:colcon.colcon_core.package_identification:_identify(src/shipcon2-ros/model/esso_osaka) by extension 'python'
[0.237s] Level 1:colcon.colcon_core.package_identification:_identify(src/shipcon2-ros/model/esso_osaka) by extensions ['python_setup_py']
[0.237s] Level 1:colcon.colcon_core.package_identification:_identify(src/shipcon2-ros/model/esso_osaka) by extension 'python_setup_py'
[0.237s] Level 1:colcon.colcon_core.package_identification:_identify(src/shipcon2-ros/model/meshes) by extensions ['ignore', 'ignore_ament_install']
[0.238s] Level 1:colcon.colcon_core.package_identification:_identify(src/shipcon2-ros/model/meshes) by extension 'ignore'
[0.238s] Level 1:colcon.colcon_core.package_identification:_identify(src/shipcon2-ros/model/meshes) by extension 'ignore_ament_install'
[0.238s] Level 1:colcon.colcon_core.package_identification:_identify(src/shipcon2-ros/model/meshes) by extensions ['colcon_pkg']
[0.238s] Level 1:colcon.colcon_core.package_identification:_identify(src/shipcon2-ros/model/meshes) by extension 'colcon_pkg'
[0.238s] Level 1:colcon.colcon_core.package_identification:_identify(src/shipcon2-ros/model/meshes) by extensions ['colcon_meta']
[0.238s] Level 1:colcon.colcon_core.package_identification:_identify(src/shipcon2-ros/model/meshes) by extension 'colcon_meta'
[0.238s] Level 1:colcon.colcon_core.package_identification:_identify(src/shipcon2-ros/model/meshes) by extensions ['ros']
[0.239s] Level 1:colcon.colcon_core.package_identification:_identify(src/shipcon2-ros/model/meshes) by extension 'ros'
[0.239s] Level 1:colcon.colcon_core.package_identification:_identify(src/shipcon2-ros/model/meshes) by extensions ['cmake', 'python']
[0.239s] Level 1:colcon.colcon_core.package_identification:_identify(src/shipcon2-ros/model/meshes) by extension 'cmake'
[0.239s] Level 1:colcon.colcon_core.package_identification:_identify(src/shipcon2-ros/model/meshes) by extension 'python'
[0.239s] Level 1:colcon.colcon_core.package_identification:_identify(src/shipcon2-ros/model/meshes) by extensions ['python_setup_py']
[0.239s] Level 1:colcon.colcon_core.package_identification:_identify(src/shipcon2-ros/model/meshes) by extension 'python_setup_py'
[0.239s] Level 1:colcon.colcon_core.package_identification:_identify(src/shipcon2-ros/model/urdf) by extensions ['ignore', 'ignore_ament_install']
[0.240s] Level 1:colcon.colcon_core.package_identification:_identify(src/shipcon2-ros/model/urdf) by extension 'ignore'
[0.240s] Level 1:colcon.colcon_core.package_identification:_identify(src/shipcon2-ros/model/urdf) by extension 'ignore_ament_install'
[0.240s] Level 1:colcon.colcon_core.package_identification:_identify(src/shipcon2-ros/model/urdf) by extensions ['colcon_pkg']
[0.240s] Level 1:colcon.colcon_core.package_identification:_identify(src/shipcon2-ros/model/urdf) by extension 'colcon_pkg'
[0.240s] Level 1:colcon.colcon_core.package_identification:_identify(src/shipcon2-ros/model/urdf) by extensions ['colcon_meta']
[0.240s] Level 1:colcon.colcon_core.package_identification:_identify(src/shipcon2-ros/model/urdf) by extension 'colcon_meta'
[0.240s] Level 1:colcon.colcon_core.package_identification:_identify(src/shipcon2-ros/model/urdf) by extensions ['ros']
[0.240s] Level 1:colcon.colcon_core.package_identification:_identify(src/shipcon2-ros/model/urdf) by extension 'ros'
[0.241s] Level 1:colcon.colcon_core.package_identification:_identify(src/shipcon2-ros/model/urdf) by extensions ['cmake', 'python']
[0.241s] Level 1:colcon.colcon_core.package_identification:_identify(src/shipcon2-ros/model/urdf) by extension 'cmake'
[0.241s] Level 1:colcon.colcon_core.package_identification:_identify(src/shipcon2-ros/model/urdf) by extension 'python'
[0.241s] Level 1:colcon.colcon_core.package_identification:_identify(src/shipcon2-ros/model/urdf) by extensions ['python_setup_py']
[0.241s] Level 1:colcon.colcon_core.package_identification:_identify(src/shipcon2-ros/model/urdf) by extension 'python_setup_py'
[0.241s] Level 1:colcon.colcon_core.package_identification:_identify(src/shipcon2-ros/msg) by extensions ['ignore', 'ignore_ament_install']
[0.242s] Level 1:colcon.colcon_core.package_identification:_identify(src/shipcon2-ros/msg) by extension 'ignore'
[0.242s] Level 1:colcon.colcon_core.package_identification:_identify(src/shipcon2-ros/msg) by extension 'ignore_ament_install'
[0.242s] Level 1:colcon.colcon_core.package_identification:_identify(src/shipcon2-ros/msg) by extensions ['colcon_pkg']
[0.242s] Level 1:colcon.colcon_core.package_identification:_identify(src/shipcon2-ros/msg) by extension 'colcon_pkg'
[0.242s] Level 1:colcon.colcon_core.package_identification:_identify(src/shipcon2-ros/msg) by extensions ['colcon_meta']
[0.242s] Level 1:colcon.colcon_core.package_identification:_identify(src/shipcon2-ros/msg) by extension 'colcon_meta'
[0.242s] Level 1:colcon.colcon_core.package_identification:_identify(src/shipcon2-ros/msg) by extensions ['ros']
[0.242s] Level 1:colcon.colcon_core.package_identification:_identify(src/shipcon2-ros/msg) by extension 'ros'
[0.243s] Level 1:colcon.colcon_core.package_identification:_identify(src/shipcon2-ros/msg) by extensions ['cmake', 'python']
[0.243s] Level 1:colcon.colcon_core.package_identification:_identify(src/shipcon2-ros/msg) by extension 'cmake'
[0.243s] Level 1:colcon.colcon_core.package_identification:_identify(src/shipcon2-ros/msg) by extension 'python'
[0.243s] Level 1:colcon.colcon_core.package_identification:_identify(src/shipcon2-ros/msg) by extensions ['python_setup_py']
[0.243s] Level 1:colcon.colcon_core.package_identification:_identify(src/shipcon2-ros/msg) by extension 'python_setup_py'
[0.243s] Level 1:colcon.colcon_core.package_identification:_identify(src/shipcon2-ros/src) by extensions ['ignore', 'ignore_ament_install']
[0.244s] Level 1:colcon.colcon_core.package_identification:_identify(src/shipcon2-ros/src) by extension 'ignore'
[0.244s] Level 1:colcon.colcon_core.package_identification:_identify(src/shipcon2-ros/src) by extension 'ignore_ament_install'
[0.244s] Level 1:colcon.colcon_core.package_identification:_identify(src/shipcon2-ros/src) by extensions ['colcon_pkg']
[0.244s] Level 1:colcon.colcon_core.package_identification:_identify(src/shipcon2-ros/src) by extension 'colcon_pkg'
[0.244s] Level 1:colcon.colcon_core.package_identification:_identify(src/shipcon2-ros/src) by extensions ['colcon_meta']
[0.244s] Level 1:colcon.colcon_core.package_identification:_identify(src/shipcon2-ros/src) by extension 'colcon_meta'
[0.244s] Level 1:colcon.colcon_core.package_identification:_identify(src/shipcon2-ros/src) by extensions ['ros']
[0.244s] Level 1:colcon.colcon_core.package_identification:_identify(src/shipcon2-ros/src) by extension 'ros'
[0.245s] Level 1:colcon.colcon_core.package_identification:_identify(src/shipcon2-ros/src) by extensions ['cmake', 'python']
[0.245s] Level 1:colcon.colcon_core.package_identification:_identify(src/shipcon2-ros/src) by extension 'cmake'
[0.245s] Level 1:colcon.colcon_core.package_identification:_identify(src/shipcon2-ros/src) by extension 'python'
[0.245s] Level 1:colcon.colcon_core.package_identification:_identify(src/shipcon2-ros/src) by extensions ['python_setup_py']
[0.245s] Level 1:colcon.colcon_core.package_identification:_identify(src/shipcon2-ros/src) by extension 'python_setup_py'
[0.245s] Level 1:colcon.colcon_core.package_discovery:discover_packages(recursive) using defaults
[0.245s] Level 1:colcon.colcon_core.package_discovery:discover_packages(ignore) discover
[0.245s] Level 1:colcon.colcon_core.package_discovery:discover_packages(ignore) using defaults
[0.245s] Level 1:colcon.colcon_core.package_discovery:discover_packages(path) discover
[0.246s] Level 1:colcon.colcon_core.package_discovery:discover_packages(path) using defaults
[0.267s] INFO:colcon.colcon_core.executor:Executing jobs using 'parallel' executor
[0.269s] DEBUG:colcon.colcon_parallel_executor.executor.parallel:run_until_complete
[0.269s] DEBUG:colcon.colcon_parallel_executor.executor.parallel:closing loop
[0.270s] DEBUG:colcon.colcon_parallel_executor.executor.parallel:loop closed
[0.270s] DEBUG:colcon.colcon_parallel_executor.executor.parallel:run_until_complete finished with '0'
[0.270s] DEBUG:colcon.colcon_core.event_reactor:joining thread
[0.283s] INFO:colcon.colcon_core.plugin_system:Skipping extension 'colcon_notification.desktop_notification.terminal_notifier': Not used on non-Darwin systems
[0.283s] INFO:colcon.colcon_core.plugin_system:Skipping extension 'colcon_notification.desktop_notification.win32': Not used on non-Windows systems
[0.283s] INFO:colcon.colcon_notification.desktop_notification:Sending desktop notification using 'notify2'
[0.287s] DEBUG:colcon.colcon_core.event_reactor:joined thread
[0.293s] INFO:colcon.colcon_core.plugin_system:Skipping extension 'colcon_core.shell.bat': Not used on non-Windows systems
[0.293s] INFO:colcon.colcon_core.shell:Creating prefix script '/media/suisei/Data/data/projects/shipcon2/ros/install/local_setup.ps1'
[0.295s] INFO:colcon.colcon_core.shell:Creating prefix util module '/media/suisei/Data/data/projects/shipcon2/ros/install/_local_setup_util_ps1.py'
[0.298s] INFO:colcon.colcon_core.shell:Creating prefix chain script '/media/suisei/Data/data/projects/shipcon2/ros/install/setup.ps1'
[0.304s] INFO:colcon.colcon_core.shell:Creating prefix script '/media/suisei/Data/data/projects/shipcon2/ros/install/local_setup.sh'
[0.305s] INFO:colcon.colcon_core.shell:Creating prefix util module '/media/suisei/Data/data/projects/shipcon2/ros/install/_local_setup_util_sh.py'
[0.306s] INFO:colcon.colcon_core.shell:Creating prefix chain script '/media/suisei/Data/data/projects/shipcon2/ros/install/setup.sh'
[0.310s] INFO:colcon.colcon_core.shell:Creating prefix script '/media/suisei/Data/data/projects/shipcon2/ros/install/local_setup.bash'
[0.311s] INFO:colcon.colcon_core.shell:Creating prefix chain script '/media/suisei/Data/data/projects/shipcon2/ros/install/setup.bash'
[0.314s] INFO:colcon.colcon_core.shell:Creating prefix script '/media/suisei/Data/data/projects/shipcon2/ros/install/local_setup.zsh'
[0.315s] INFO:colcon.colcon_core.shell:Creating prefix chain script '/media/suisei/Data/data/projects/shipcon2/ros/install/setup.zsh'
