[0.020s] Invoking command in '/media/suisei/Data/data/projects/shipcon2/ros/src/build/shipcon2-ros': CMAKE_PREFIX_PATH=/opt/ros/eloquent /usr/bin/cmake /media/suisei/Data/data/projects/shipcon2/ros/src/shipcon2-ros -DCMAKE_INSTALL_PREFIX=/media/suisei/Data/data/projects/shipcon2/ros/src/install/shipcon2-ros
[0.140s] -- The C compiler identification is GNU 7.5.0
[0.243s] -- The CXX compiler identification is GNU 7.5.0
[0.252s] -- Check for working C compiler: /usr/bin/cc
[0.375s] -- Check for working C compiler: /usr/bin/cc -- works
[0.377s] -- Detecting C compiler ABI info
[0.512s] -- Detecting C compiler ABI info - done
[0.523s] -- Detecting C compile features
[0.912s] -- Detecting C compile features - done
[0.918s] -- Check for working CXX compiler: /usr/bin/c++
[1.058s] -- Check for working CXX compiler: /usr/bin/c++ -- works
[1.060s] -- Detecting CXX compiler ABI info
[1.198s] -- Detecting CXX compiler ABI info - done
[1.205s] -- Detecting CXX compile features
[1.916s] -- Detecting CXX compile features - done
[1.922s] -- Found ament_cmake: 0.8.2 (/opt/ros/eloquent/share/ament_cmake/cmake)
[1.968s] -- Found PythonInterp: /usr/bin/python3 (found suitable version "3.6.9", minimum required is "3") 
[1.969s] -- Using PYTHON_EXECUTABLE: /usr/bin/python3
[2.237s] -- Found std_msgs: 0.8.1 (/opt/ros/eloquent/share/std_msgs/cmake)
[2.256s] -- Found rosidl_adapter: 0.8.2 (/opt/ros/eloquent/share/rosidl_adapter/cmake)
[2.308s] CMake Error at /opt/ros/eloquent/share/ament_cmake_target_dependencies/cmake/ament_target_dependencies.cmake:52 (message):
[2.309s]   ament_target_dependencies() the passed package name 'rclcpp' was not found
[2.309s]   before
[2.309s] Call Stack (most recent call first):
[2.310s]   CMakeLists.txt:26 (ament_target_dependencies)
[2.310s] 
[2.311s] 
[2.311s] -- Configuring incomplete, errors occurred!
[2.312s] See also "/media/suisei/Data/data/projects/shipcon2/ros/src/build/shipcon2-ros/CMakeFiles/CMakeOutput.log".
[2.315s] Invoked command in '/media/suisei/Data/data/projects/shipcon2/ros/src/build/shipcon2-ros' returned '1': CMAKE_PREFIX_PATH=/opt/ros/eloquent /usr/bin/cmake /media/suisei/Data/data/projects/shipcon2/ros/src/shipcon2-ros -DCMAKE_INSTALL_PREFIX=/media/suisei/Data/data/projects/shipcon2/ros/src/install/shipcon2-ros
