[0.200s] DEBUG:colcon:Command line arguments: ['/usr/bin/colcon', 'build']
[0.200s] DEBUG:colcon:Parsed command line arguments: Namespace(ament_cmake_args=None, base_paths=['.'], build_base='build', catkin_cmake_args=None, catkin_skip_building_tests=False, cmake_args=None, cmake_clean_cache=False, cmake_clean_first=False, cmake_force_configure=False, cmake_target=None, cmake_target_skip_unavailable=False, continue_on_error=False, event_handlers=None, executor='parallel', ignore_user_meta=False, install_base='install', log_base=None, log_level=None, main=<bound method BuildVerb.main of <colcon_core.verb.build.BuildVerb object at 0x7fcdf0d658d0>>, merge_install=False, metas=['./colcon.meta'], packages_above=None, packages_above_and_dependencies=None, packages_above_depth=None, packages_end=None, packages_ignore=None, packages_ignore_regex=None, packages_select=None, packages_select_build_failed=False, packages_select_by_dep=None, packages_select_regex=None, packages_select_test_failures=False, packages_skip=None, packages_skip_build_finished=False, packages_skip_by_dep=None, packages_skip_regex=None, packages_skip_test_passed=False, packages_skip_up_to=None, packages_start=None, packages_up_to=None, packages_up_to_regex=None, parallel_workers=24, paths=None, symlink_install=False, test_result_base=None, verb_extension=<colcon_core.verb.build.BuildVerb object at 0x7fcdf0d658d0>, verb_name='build', verb_parser=<colcon_defaults.argument_parser.defaults.DefaultArgumentsDecorator object at 0x7fcdf0d65c18>)
[0.208s] Level 1:colcon.colcon_core.package_discovery:discover_packages(colcon_meta) check parameters
[0.208s] Level 1:colcon.colcon_core.package_discovery:discover_packages(recursive) check parameters
[0.208s] Level 1:colcon.colcon_core.package_discovery:discover_packages(ignore) check parameters
[0.208s] Level 1:colcon.colcon_core.package_discovery:discover_packages(path) check parameters
[0.208s] Level 1:colcon.colcon_core.package_discovery:discover_packages(colcon_meta) discover
[0.208s] Level 1:colcon.colcon_core.package_discovery:discover_packages(recursive) discover
[0.208s] INFO:colcon.colcon_core.package_discovery:Crawling recursively for packages in '/media/suisei/Data/data/projects/shipcon2/ros/src'
[0.209s] Level 1:colcon.colcon_core.package_identification:_identify(.) by extensions ['ignore', 'ignore_ament_install']
[0.209s] Level 1:colcon.colcon_core.package_identification:_identify(.) by extension 'ignore'
[0.209s] Level 1:colcon.colcon_core.package_identification:_identify(.) by extension 'ignore_ament_install'
[0.209s] Level 1:colcon.colcon_core.package_identification:_identify(.) by extensions ['colcon_pkg']
[0.209s] Level 1:colcon.colcon_core.package_identification:_identify(.) by extension 'colcon_pkg'
[0.210s] Level 1:colcon.colcon_core.package_identification:_identify(.) by extensions ['colcon_meta']
[0.210s] Level 1:colcon.colcon_core.package_identification:_identify(.) by extension 'colcon_meta'
[0.210s] Level 1:colcon.colcon_core.package_identification:_identify(.) by extensions ['ros']
[0.210s] Level 1:colcon.colcon_core.package_identification:_identify(.) by extension 'ros'
[0.223s] Level 1:colcon.colcon_core.package_identification:_identify(.) by extensions ['cmake', 'python']
[0.223s] Level 1:colcon.colcon_core.package_identification:_identify(.) by extension 'cmake'
[0.223s] Level 1:colcon.colcon_core.package_identification:_identify(.) by extension 'python'
[0.223s] Level 1:colcon.colcon_core.package_identification:_identify(.) by extensions ['python_setup_py']
[0.223s] Level 1:colcon.colcon_core.package_identification:_identify(.) by extension 'python_setup_py'
[0.224s] Level 1:colcon.colcon_core.package_identification:_identify(build) by extensions ['ignore', 'ignore_ament_install']
[0.224s] Level 1:colcon.colcon_core.package_identification:_identify(build) by extension 'ignore'
[0.224s] Level 1:colcon.colcon_core.package_identification:_identify(build) ignored
[0.224s] Level 1:colcon.colcon_core.package_identification:_identify(install) by extensions ['ignore', 'ignore_ament_install']
[0.225s] Level 1:colcon.colcon_core.package_identification:_identify(install) by extension 'ignore'
[0.225s] Level 1:colcon.colcon_core.package_identification:_identify(install) ignored
[0.225s] Level 1:colcon.colcon_core.package_identification:_identify(log) by extensions ['ignore', 'ignore_ament_install']
[0.225s] Level 1:colcon.colcon_core.package_identification:_identify(log) by extension 'ignore'
[0.225s] Level 1:colcon.colcon_core.package_identification:_identify(log) ignored
[0.226s] Level 1:colcon.colcon_core.package_identification:_identify(shipcon2-ros) by extensions ['ignore', 'ignore_ament_install']
[0.226s] Level 1:colcon.colcon_core.package_identification:_identify(shipcon2-ros) by extension 'ignore'
[0.226s] Level 1:colcon.colcon_core.package_identification:_identify(shipcon2-ros) by extension 'ignore_ament_install'
[0.226s] Level 1:colcon.colcon_core.package_identification:_identify(shipcon2-ros) by extensions ['colcon_pkg']
[0.226s] Level 1:colcon.colcon_core.package_identification:_identify(shipcon2-ros) by extension 'colcon_pkg'
[0.227s] Level 1:colcon.colcon_core.package_identification:_identify(shipcon2-ros) by extensions ['colcon_meta']
[0.227s] Level 1:colcon.colcon_core.package_identification:_identify(shipcon2-ros) by extension 'colcon_meta'
[0.227s] Level 1:colcon.colcon_core.package_identification:_identify(shipcon2-ros) by extensions ['ros']
[0.227s] Level 1:colcon.colcon_core.package_identification:_identify(shipcon2-ros) by extension 'ros'
[0.230s] DEBUG:colcon.colcon_core.package_identification:Package 'shipcon2-ros' with type 'ros.ament_cmake' and name 'shipcon2-ros'
[0.231s] Level 1:colcon.colcon_core.package_discovery:discover_packages(recursive) using defaults
[0.231s] Level 1:colcon.colcon_core.package_discovery:discover_packages(ignore) discover
[0.231s] Level 1:colcon.colcon_core.package_discovery:discover_packages(ignore) using defaults
[0.231s] Level 1:colcon.colcon_core.package_discovery:discover_packages(path) discover
[0.231s] Level 1:colcon.colcon_core.package_discovery:discover_packages(path) using defaults
[0.255s] Level 5:colcon.colcon_core.verb:set package 'shipcon2-ros' build argument 'cmake_args' from command line to 'None'
[0.255s] Level 5:colcon.colcon_core.verb:set package 'shipcon2-ros' build argument 'cmake_target' from command line to 'None'
[0.255s] Level 5:colcon.colcon_core.verb:set package 'shipcon2-ros' build argument 'cmake_target_skip_unavailable' from command line to 'False'
[0.255s] Level 5:colcon.colcon_core.verb:set package 'shipcon2-ros' build argument 'cmake_clean_cache' from command line to 'False'
[0.255s] Level 5:colcon.colcon_core.verb:set package 'shipcon2-ros' build argument 'cmake_clean_first' from command line to 'False'
[0.255s] Level 5:colcon.colcon_core.verb:set package 'shipcon2-ros' build argument 'cmake_force_configure' from command line to 'False'
[0.255s] Level 5:colcon.colcon_core.verb:set package 'shipcon2-ros' build argument 'ament_cmake_args' from command line to 'None'
[0.256s] Level 5:colcon.colcon_core.verb:set package 'shipcon2-ros' build argument 'catkin_cmake_args' from command line to 'None'
[0.256s] Level 5:colcon.colcon_core.verb:set package 'shipcon2-ros' build argument 'catkin_skip_building_tests' from command line to 'False'
[0.256s] DEBUG:colcon.colcon_core.verb:Building package 'shipcon2-ros' with the following arguments: {'ament_cmake_args': None, 'build_base': '/media/suisei/Data/data/projects/shipcon2/ros/src/build/shipcon2-ros', 'catkin_cmake_args': None, 'catkin_skip_building_tests': False, 'cmake_args': None, 'cmake_clean_cache': False, 'cmake_clean_first': False, 'cmake_force_configure': False, 'cmake_target': None, 'cmake_target_skip_unavailable': False, 'install_base': '/media/suisei/Data/data/projects/shipcon2/ros/src/install/shipcon2-ros', 'merge_install': False, 'path': '/media/suisei/Data/data/projects/shipcon2/ros/src/shipcon2-ros', 'symlink_install': False, 'test_result_base': None}
[0.256s] INFO:colcon.colcon_core.executor:Executing jobs using 'parallel' executor
[0.258s] DEBUG:colcon.colcon_parallel_executor.executor.parallel:run_until_complete
[0.259s] INFO:colcon.colcon_ros.task.ament_cmake.build:Building ROS package in '/media/suisei/Data/data/projects/shipcon2/ros/src/shipcon2-ros' with build type 'ament_cmake'
[0.259s] INFO:colcon.colcon_cmake.task.cmake.build:Building CMake package in '/media/suisei/Data/data/projects/shipcon2/ros/src/shipcon2-ros'
[0.263s] INFO:colcon.colcon_core.plugin_system:Skipping extension 'colcon_core.shell.bat': Not used on non-Windows systems
[0.263s] INFO:colcon.colcon_core.shell:Skip shell extension 'powershell' for command environment: Not usable outside of PowerShell
[0.264s] DEBUG:colcon.colcon_core.shell:Skip shell extension 'dsv' for command environment
[0.266s] DEBUG:colcon.colcon_core.shell:Ignoring prefix path '/opt/ros/eloquent'
[0.281s] DEBUG:colcon.colcon_core.event_handler.log_command:Invoking command in '/media/suisei/Data/data/projects/shipcon2/ros/src/build/shipcon2-ros': CMAKE_PREFIX_PATH=/opt/ros/eloquent /usr/bin/cmake /media/suisei/Data/data/projects/shipcon2/ros/src/shipcon2-ros -DCMAKE_INSTALL_PREFIX=/media/suisei/Data/data/projects/shipcon2/ros/src/install/shipcon2-ros
[2.576s] DEBUG:colcon.colcon_core.event_handler.log_command:Invoked command in '/media/suisei/Data/data/projects/shipcon2/ros/src/build/shipcon2-ros' returned '1': CMAKE_PREFIX_PATH=/opt/ros/eloquent /usr/bin/cmake /media/suisei/Data/data/projects/shipcon2/ros/src/shipcon2-ros -DCMAKE_INSTALL_PREFIX=/media/suisei/Data/data/projects/shipcon2/ros/src/install/shipcon2-ros
[2.602s] Level 1:colcon.colcon_core.environment:create_environment_scripts_only(shipcon2-ros)
[2.612s] Level 1:colcon.colcon_core.environment:checking '/media/suisei/Data/data/projects/shipcon2/ros/src/install/shipcon2-ros' for CMake module files
[2.613s] Level 1:colcon.colcon_core.environment:checking '/media/suisei/Data/data/projects/shipcon2/ros/src/install/shipcon2-ros' for CMake config files
[2.614s] Level 1:colcon.colcon_core.environment:checking '/media/suisei/Data/data/projects/shipcon2/ros/src/install/shipcon2-ros/bin'
[2.615s] Level 1:colcon.colcon_core.environment:checking '/media/suisei/Data/data/projects/shipcon2/ros/src/install/shipcon2-ros/lib/pkgconfig/shipcon2-ros.pc'
[2.615s] Level 1:colcon.colcon_core.environment:checking '/media/suisei/Data/data/projects/shipcon2/ros/src/install/shipcon2-ros/lib/python3.6/site-packages'
[2.616s] INFO:colcon.colcon_core.shell:Creating package script '/media/suisei/Data/data/projects/shipcon2/ros/src/install/shipcon2-ros/share/shipcon2-ros/package.ps1'
[2.618s] INFO:colcon.colcon_core.shell:Creating package descriptor '/media/suisei/Data/data/projects/shipcon2/ros/src/install/shipcon2-ros/share/shipcon2-ros/package.dsv'
[2.619s] INFO:colcon.colcon_core.shell:Creating package script '/media/suisei/Data/data/projects/shipcon2/ros/src/install/shipcon2-ros/share/shipcon2-ros/package.sh'
[2.620s] INFO:colcon.colcon_core.shell:Creating package script '/media/suisei/Data/data/projects/shipcon2/ros/src/install/shipcon2-ros/share/shipcon2-ros/package.bash'
[2.622s] INFO:colcon.colcon_core.shell:Creating package script '/media/suisei/Data/data/projects/shipcon2/ros/src/install/shipcon2-ros/share/shipcon2-ros/package.zsh'
[2.623s] Level 1:colcon.colcon_core.environment:create_file_with_runtime_dependencies(/media/suisei/Data/data/projects/shipcon2/ros/src/install/shipcon2-ros/share/colcon-core/packages/shipcon2-ros)
[2.634s] DEBUG:colcon.colcon_parallel_executor.executor.parallel:closing loop
[2.634s] DEBUG:colcon.colcon_parallel_executor.executor.parallel:loop closed
[2.634s] DEBUG:colcon.colcon_parallel_executor.executor.parallel:run_until_complete finished with '1'
[2.635s] DEBUG:colcon.colcon_core.event_reactor:joining thread
[2.647s] INFO:colcon.colcon_core.plugin_system:Skipping extension 'colcon_notification.desktop_notification.terminal_notifier': Not used on non-Darwin systems
[2.647s] INFO:colcon.colcon_core.plugin_system:Skipping extension 'colcon_notification.desktop_notification.win32': Not used on non-Windows systems
[2.647s] INFO:colcon.colcon_notification.desktop_notification:Sending desktop notification using 'notify2'
[2.652s] DEBUG:colcon.colcon_core.event_reactor:joined thread
[2.653s] INFO:colcon.colcon_core.shell:Creating prefix script '/media/suisei/Data/data/projects/shipcon2/ros/src/install/local_setup.ps1'
[2.668s] INFO:colcon.colcon_core.shell:Creating prefix util module '/media/suisei/Data/data/projects/shipcon2/ros/src/install/_local_setup_util_ps1.py'
[2.671s] INFO:colcon.colcon_core.shell:Creating prefix chain script '/media/suisei/Data/data/projects/shipcon2/ros/src/install/setup.ps1'
[2.674s] INFO:colcon.colcon_core.shell:Creating prefix script '/media/suisei/Data/data/projects/shipcon2/ros/src/install/local_setup.sh'
[2.675s] INFO:colcon.colcon_core.shell:Creating prefix util module '/media/suisei/Data/data/projects/shipcon2/ros/src/install/_local_setup_util_sh.py'
[2.676s] INFO:colcon.colcon_core.shell:Creating prefix chain script '/media/suisei/Data/data/projects/shipcon2/ros/src/install/setup.sh'
[2.679s] INFO:colcon.colcon_core.shell:Creating prefix script '/media/suisei/Data/data/projects/shipcon2/ros/src/install/local_setup.bash'
[2.680s] INFO:colcon.colcon_core.shell:Creating prefix chain script '/media/suisei/Data/data/projects/shipcon2/ros/src/install/setup.bash'
[2.683s] INFO:colcon.colcon_core.shell:Creating prefix script '/media/suisei/Data/data/projects/shipcon2/ros/src/install/local_setup.zsh'
[2.684s] INFO:colcon.colcon_core.shell:Creating prefix chain script '/media/suisei/Data/data/projects/shipcon2/ros/src/install/setup.zsh'
