Determining if the pthread_create exist failed with the following output:
Change Dir: /media/suisei/Data/data/projects/shipcon2/ros/src/build/shipcon2-ros/CMakeFiles/CMakeTmp

Run Build Command:"/usr/bin/make" "cmTC_4f31f/fast"
/usr/bin/make -f CMakeFiles/cmTC_4f31f.dir/build.make CMakeFiles/cmTC_4f31f.dir/build
make[1]: ディレクトリ '/media/suisei/Data/data/projects/shipcon2/ros/src/build/shipcon2-ros/CMakeFiles/CMakeTmp' に入ります
Building C object CMakeFiles/cmTC_4f31f.dir/CheckSymbolExists.c.o
/usr/bin/cc    -o CMakeFiles/cmTC_4f31f.dir/CheckSymbolExists.c.o   -c /media/suisei/Data/data/projects/shipcon2/ros/src/build/shipcon2-ros/CMakeFiles/CMakeTmp/CheckSymbolExists.c
Linking C executable cmTC_4f31f
/usr/bin/cmake -E cmake_link_script CMakeFiles/cmTC_4f31f.dir/link.txt --verbose=1
/usr/bin/cc      CMakeFiles/cmTC_4f31f.dir/CheckSymbolExists.c.o  -o cmTC_4f31f 
CMakeFiles/cmTC_4f31f.dir/CheckSymbolExists.c.o: 関数 `main' 内:
CheckSymbolExists.c:(.text+0x1b): `pthread_create' に対する定義されていない参照です
collect2: error: ld returned 1 exit status
CMakeFiles/cmTC_4f31f.dir/build.make:97: recipe for target 'cmTC_4f31f' failed
make[1]: *** [cmTC_4f31f] Error 1
make[1]: ディレクトリ '/media/suisei/Data/data/projects/shipcon2/ros/src/build/shipcon2-ros/CMakeFiles/CMakeTmp' から出ます
Makefile:126: recipe for target 'cmTC_4f31f/fast' failed
make: *** [cmTC_4f31f/fast] Error 2

File /media/suisei/Data/data/projects/shipcon2/ros/src/build/shipcon2-ros/CMakeFiles/CMakeTmp/CheckSymbolExists.c:
/* */
#include <pthread.h>

int main(int argc, char** argv)
{
  (void)argv;
#ifndef pthread_create
  return ((int*)(&pthread_create))[argc];
#else
  (void)argc;
  return 0;
#endif
}

Determining if the function pthread_create exists in the pthreads failed with the following output:
Change Dir: /media/suisei/Data/data/projects/shipcon2/ros/src/build/shipcon2-ros/CMakeFiles/CMakeTmp

Run Build Command:"/usr/bin/make" "cmTC_6d61b/fast"
/usr/bin/make -f CMakeFiles/cmTC_6d61b.dir/build.make CMakeFiles/cmTC_6d61b.dir/build
make[1]: ディレクトリ '/media/suisei/Data/data/projects/shipcon2/ros/src/build/shipcon2-ros/CMakeFiles/CMakeTmp' に入ります
Building C object CMakeFiles/cmTC_6d61b.dir/CheckFunctionExists.c.o
/usr/bin/cc   -DCHECK_FUNCTION_EXISTS=pthread_create   -o CMakeFiles/cmTC_6d61b.dir/CheckFunctionExists.c.o   -c /usr/share/cmake-3.10/Modules/CheckFunctionExists.c
Linking C executable cmTC_6d61b
/usr/bin/cmake -E cmake_link_script CMakeFiles/cmTC_6d61b.dir/link.txt --verbose=1
/usr/bin/cc  -DCHECK_FUNCTION_EXISTS=pthread_create    CMakeFiles/cmTC_6d61b.dir/CheckFunctionExists.c.o  -o cmTC_6d61b -lpthreads 
/usr/bin/ld: -lpthreads が見つかりません
collect2: error: ld returned 1 exit status
CMakeFiles/cmTC_6d61b.dir/build.make:97: recipe for target 'cmTC_6d61b' failed
make[1]: *** [cmTC_6d61b] Error 1
make[1]: ディレクトリ '/media/suisei/Data/data/projects/shipcon2/ros/src/build/shipcon2-ros/CMakeFiles/CMakeTmp' から出ます
Makefile:126: recipe for target 'cmTC_6d61b/fast' failed
make: *** [cmTC_6d61b/fast] Error 2


